{"/Users/jdiaz1/Sites/sandbox-alf/ALF_DIAZ_Thermometer_coding_case/src/components/Thermometer/Thermometer.tsx": {"path":"/Users/jdiaz1/Sites/sandbox-alf/ALF_DIAZ_Thermometer_coding_case/src/components/Thermometer/Thermometer.tsx","statementMap":{"0":{"start":{"line":9,"column":48},"end":{"line":87,"column":1}},"1":{"start":{"line":11,"column":21},"end":{"line":11,"column":24}},"2":{"start":{"line":12,"column":23},"end":{"line":12,"column":25}},"3":{"start":{"line":13,"column":28},"end":{"line":13,"column":30}},"4":{"start":{"line":14,"column":28},"end":{"line":14,"column":31}},"5":{"start":{"line":15,"column":29},"end":{"line":15,"column":114}},"6":{"start":{"line":22,"column":40},"end":{"line":30,"column":3}},"7":{"start":{"line":31,"column":40},"end":{"line":39,"column":3}},"8":{"start":{"line":40,"column":41},"end":{"line":49,"column":3}},"9":{"start":{"line":50,"column":42},"end":{"line":54,"column":3}},"10":{"start":{"line":55,"column":37},"end":{"line":63,"column":3}},"11":{"start":{"line":64,"column":51},"end":{"line":67,"column":3}},"12":{"start":{"line":68,"column":46},"end":{"line":73,"column":3}},"13":{"start":{"line":76,"column":2},"end":{"line":86,"column":4}}},"fnMap":{"0":{"name":"(anonymous_0)","decl":{"start":{"line":9,"column":48},"end":{"line":9,"column":49}},"loc":{"start":{"line":9,"column":107},"end":{"line":87,"column":1}},"line":9}},"branchMap":{},"s":{"0":1,"1":1,"2":1,"3":1,"4":1,"5":1,"6":1,"7":1,"8":1,"9":1,"10":1,"11":1,"12":1,"13":1},"f":{"0":1},"b":{},"_coverageSchema":"1a1c01bbd47fc00a2c39e90264f33305004495a9","hash":"9df72106d61480fe66f40e916a9af67d00691495"}
}
